<?xml version="1.0" encoding="UTF-8"?>
<testsuite xmlns:xsi="http://www.w3.org/2001/XMLSchema-instance" xsi:noNamespaceSchemaLocation="https://maven.apache.org/surefire/maven-surefire-plugin/xsd/surefire-test-report.xsd" name="com.wba.api.processcustomer.RunCucumberTest" time="0.42" tests="7" errors="0" skipped="7" failures="0">
  <properties>
[...]
</properties>
  <testcase name="Response code checks for boilerplate com.wba.api.kafka.consumer.service" classname="Validate if boilerplate API is providing expected information" time="0">
    <skipped message="The step &quot;I am a JSON API consumer&quot; is undefined"/>
    <system-out><![CDATA[2021-03-05 11:41:56.979  INFO 10628 --- [adata-manager-0] k.c.group.GroupMetadataManager           : [GroupMetadataManager brokerId=0] Finished loading offsets and group metadata from __consumer_offsets-3 in 16 milliseconds.
2021-03-05 11:41:56.981  INFO 10628 --- [adata-manager-0] k.c.group.GroupMetadataManager           : [GroupMetadataManager brokerId=0] Finished loading offsets and group metadata from __consumer_offsets-2 in 1 milliseconds.
2021-03-05 11:41:56.981  INFO 10628 --- [adata-manager-0] k.c.group.GroupMetadataManager           : [GroupMetadataManager brokerId=0] Finished loading offsets and group metadata from __consumer_offsets-1 in 0 milliseconds.
2021-03-05 11:41:56.981  INFO 10628 --- [adata-manager-0] k.c.group.GroupMetadataManager           : [GroupMetadataManager brokerId=0] Finished loading offsets and group metadata from __consumer_offsets-4 in 0 milliseconds.
2021-03-05 11:41:56.982  INFO 10628 --- [adata-manager-0] k.c.group.GroupMetadataManager           : [GroupMetadataManager brokerId=0] Finished loading offsets and group metadata from __consumer_offsets-0 in 0 milliseconds.
2021-03-05 11:41:57.020  INFO 10628 --- [ntainer#0-0-C-1] o.a.k.c.c.internals.AbstractCoordinator  : [Consumer clientId=consumer-2, groupId=customer_group] Discovered group coordinator localhost:9092 (id: 2147483647 rack: null)
2021-03-05 11:41:57.027  INFO 10628 --- [ntainer#0-0-C-1] o.a.k.c.c.internals.ConsumerCoordinator  : [Consumer clientId=consumer-2, groupId=customer_group] Revoking previously assigned partitions []
2021-03-05 11:41:57.027  INFO 10628 --- [ntainer#0-0-C-1] o.s.k.l.KafkaMessageListenerContainer    : partitions revoked: []
2021-03-05 11:41:57.027  INFO 10628 --- [ntainer#0-0-C-1] o.a.k.c.c.internals.AbstractCoordinator  : [Consumer clientId=consumer-2, groupId=customer_group] (Re-)joining group
2021-03-05 11:41:57.081  INFO 10628 --- [quest-handler-4] k.coordinator.group.GroupCoordinator     : [GroupCoordinator 0]: Preparing to rebalance group customer_group with old generation 0 (__consumer_offsets-4)
2021-03-05 11:41:57.110  INFO 10628 --- [cutor-Rebalance] k.coordinator.group.GroupCoordinator     : [GroupCoordinator 0]: Stabilized group customer_group generation 1 (__consumer_offsets-4)
2021-03-05 11:41:57.126  INFO 10628 --- [quest-handler-5] k.coordinator.group.GroupCoordinator     : [GroupCoordinator 0]: Assignment received from leader for group customer_group for generation 1
2021-03-05 11:41:57.245  INFO 10628 --- [ntainer#0-0-C-1] o.a.k.c.c.internals.AbstractCoordinator  : [Consumer clientId=consumer-2, groupId=customer_group] Successfully joined group with generation 1
2021-03-05 11:41:57.248  INFO 10628 --- [ntainer#0-0-C-1] o.a.k.c.c.internals.ConsumerCoordinator  : [Consumer clientId=consumer-2, groupId=customer_group] Setting newly assigned partitions [dev-customer-0]
2021-03-05 11:41:57.271  INFO 10628 --- [ntainer#0-0-C-1] o.a.k.c.consumer.internals.Fetcher       : [Consumer clientId=consumer-2, groupId=customer_group] Resetting offset for partition dev-customer-0 to offset 0.
2021-03-05 11:41:57.272  INFO 10628 --- [ntainer#0-0-C-1] o.s.k.l.KafkaMessageListenerContainer    : partitions assigned: [dev-customer-0]
]]></system-out>
  </testcase>
  <testcase name="Response code checks for boilerplate com.wba.api.kafka.consumer.service" classname="Validate if boilerplate API is providing expected information" time="0">
    <skipped message="The step &quot;I request GET &quot;/api/v1/walgreens/java/boilerplate/1&quot;&quot; is undefined"/>
  </testcase>
  <testcase name="Response code checks for boilerplate com.wba.api.kafka.consumer.service" classname="Validate if boilerplate API is providing expected information" time="0">
    <skipped message="The step &quot;I should get a status code of 200&quot; is undefined"/>
  </testcase>
  <testcase name="Status of ping com.wba.api.kafka.consumer.service" classname="Validate if boilerplate API is providing expected information" time="0">
    <skipped message="The step &quot;I request GET &quot;/api/v1/walgreens/java/boilerplate/ping&quot;&quot; is undefined"/>
  </testcase>
  <testcase name="Status of ping com.wba.api.kafka.consumer.service" classname="Validate if boilerplate API is providing expected information" time="0">
    <skipped message="The step &quot;the response value of &quot;apiname&quot; should equal &quot;waglobsbujavaboilerplt&quot;&quot; is undefined"/>
  </testcase>
  <testcase name="Status of ping com.wba.api.kafka.consumer.service" classname="Validate if boilerplate API is providing expected information" time="0">
    <skipped message="The step &quot;the response value of &quot;version&quot; should equal &quot;v1_0_0&quot;&quot; is undefined"/>
  </testcase>
  <testcase name="Status of ping com.wba.api.kafka.consumer.service" classname="Validate if boilerplate API is providing expected information" time="0">
    <skipped message="The step &quot;the response value of &quot;status&quot; should equal &quot;ok&quot;&quot; is undefined"/>
  </testcase>
</testsuite>