GROUP,PACKAGE,CLASS,INSTRUCTION_MISSED,INSTRUCTION_COVERED,BRANCH_MISSED,BRANCH_COVERED,LINE_MISSED,LINE_COVERED,COMPLEXITY_MISSED,COMPLEXITY_COVERED,METHOD_MISSED,METHOD_COVERED
updatecustomer,com.wba.api.updatecustomer.service,CustomerTopicServiceImpl,13,46,4,6,2,10,4,4,0,3
updatecustomer,com.wba.api.updatecustomer.service,CustomerTopicServiceImpl.new ListenableFutureCallback() {...},16,0,0,0,5,0,3,0,3,0
updatecustomer,com.wba.api.updatecustomer.dto,PaymentDto,5,112,10,10,0,26,10,16,0,16
updatecustomer,com.wba.api.updatecustomer.dto,PatientDto,5,231,19,21,0,53,19,34,0,33
updatecustomer,com.wba.api.updatecustomer.dto,ShippingAddressDto,5,71,7,7,0,17,7,10,0,10
updatecustomer,com.wba.api.updatecustomer.config,KakfaConfiguration,0,33,0,0,0,7,0,3,0,3
updatecustomer,com.wba.api.updatecustomer.config,PropertyConfig,0,9,0,0,0,3,0,2,0,2
updatecustomer,com.wba.api.updatecustomer.controller,CustomerController,0,38,0,2,0,9,0,4,0,3
updatecustomer,com.wba.api.updatecustomer.exception,ControllerAdvisor,2,92,2,10,1,25,2,8,0,2
updatecustomer,com.wba.api.updatecustomer.exception,ErrorObject,12,21,0,0,6,8,3,4,3,4
updatecustomer,com.wba.api.updatecustomer.constant,WalgErrorEnum,0,44,0,0,0,5,0,1,0,1
updatecustomer,com.wba.api.updatecustomer.constant,EapiErrorEnum,0,70,0,0,0,10,0,3,0,3
updatecustomer,com.wba.api.updatecustomer,UpdateCustomerApplication,5,3,0,0,2,1,1,1,1,1
